Traceback (most recent call last):
  File "/opt/anaconda3/lib/python3.7/site-packages/jupyter_cache/executors/utils.py", line 56, in single_nb_execution
    record_timing=False,
  File "/opt/anaconda3/lib/python3.7/site-packages/nbclient/client.py", line 1112, in execute
    return NotebookClient(nb=nb, resources=resources, km=km, **kwargs).execute()
  File "/opt/anaconda3/lib/python3.7/site-packages/nbclient/util.py", line 74, in wrapped
    return just_run(coro(*args, **kwargs))
  File "/opt/anaconda3/lib/python3.7/site-packages/nbclient/util.py", line 53, in just_run
    return loop.run_until_complete(coro)
  File "/opt/anaconda3/lib/python3.7/asyncio/base_events.py", line 587, in run_until_complete
    return future.result()
  File "/opt/anaconda3/lib/python3.7/site-packages/nbclient/client.py", line 554, in async_execute
    cell, index, execution_count=self.code_cells_executed + 1
  File "/opt/anaconda3/lib/python3.7/site-packages/nbclient/client.py", line 857, in async_execute_cell
    self._check_raise_for_error(cell, exec_reply)
  File "/opt/anaconda3/lib/python3.7/site-packages/nbclient/client.py", line 760, in _check_raise_for_error
    raise CellExecutionError.from_cell_and_msg(cell, exec_reply_content)
nbclient.exceptions.CellExecutionError: An error occurred while executing the following cell:
------------------
library(readxl)

"https://github.com/aniruhil/mpa5830-jupyter/blob/main/code/data/Fatalities_by_VehicleType.xlsx" -> my_url

"Fatalities_by_VehicleType.xlsx" -> my_destfile 

curl::curl_download(
    my_url, 
    my_destfile
    )

read_excel(
    my_destfile
    ) -> Fatalities_by_VehicleType
------------------

Error: Evaluation error: zip file '/Users/ruhil/Documents/github/my-jbooks/mynewbook/docs/Fatalities_by_VehicleType.xlsx' cannot be opened.
Traceback:

1. read_excel(my_destfile)
2. read_excel_(path = path, sheet = sheet, range = range, col_names = col_names, 
 .     col_types = col_types, na = na, trim_ws = trim_ws, skip = skip, 
 .     n_max = n_max, guess_max = guess_max, progress = progress, 
 .     .name_repair = .name_repair, format = format)
3. set_readxl_names(read_fun(path = enc2native(normalizePath(path)), 
 .     sheet_i = sheet, limits = limits, shim = shim, col_names = col_names, 
 .     col_types = col_types, na = na, trim_ws = trim_ws, guess_max = guess_max, 
 .     progress = progress), .name_repair = .name_repair)
4. tibble::as_tibble(l, .name_repair = .name_repair)
5. read_fun(path = enc2native(normalizePath(path)), sheet_i = sheet, 
 .     limits = limits, shim = shim, col_names = col_names, col_types = col_types, 
 .     na = na, trim_ws = trim_ws, guess_max = guess_max, progress = progress)
ERROR: Error: Evaluation error: zip file '/Users/ruhil/Documents/github/my-jbooks/mynewbook/docs/Fatalities_by_VehicleType.xlsx' cannot be opened.


